TN:
SF:src\services\NinjaFactory.ts
FN:12,generateNinjaName
FN:23,generateName
FN:30,generateClan
FN:37,generateNinjaRank
FNF:4
FNH:4
FNDA:1,generateNinjaName
FNDA:1,generateName
FNDA:1,generateClan
FNDA:1,generateNinjaRank
DA:1,1
DA:2,1
DA:3,1
DA:4,1
DA:5,1
DA:6,1
DA:7,1
DA:8,1
DA:9,1
DA:10,1
DA:11,1
DA:12,1
DA:13,1
DA:14,1
DA:15,1
DA:16,1
DA:17,1
DA:18,1
DA:19,1
DA:20,1
DA:21,1
DA:22,1
DA:23,1
DA:24,1
DA:25,1
DA:26,1
DA:27,1
DA:28,1
DA:29,1
DA:30,1
DA:31,1
DA:32,1
DA:33,1
DA:34,1
DA:35,1
DA:36,1
DA:37,1
DA:38,1
DA:39,1
DA:40,1
DA:41,1
DA:42,1
DA:43,1
DA:44,1
DA:45,1
LF:45
LH:45
BRDA:12,0,0,1
BRDA:23,1,0,1
BRDA:26,2,0,16
BRDA:30,3,0,1
BRDA:37,4,0,1
BRDA:40,5,0,3
BRF:6
BRH:6
end_of_record
